2024-01-12T23:14:14.080Z [INFO]: [GET] /recommendations
2024-01-12T23:14:14.119Z [INFO]: Request successful
2024-01-12T23:24:11.150Z [undefined] info: [GET] /recommendations
2024-01-12T23:24:11.159Z [undefined] info: Request successful
2024-01-12T23:36:42.197Z [undefined] info: [GET] /recommendations
2024-01-12T23:36:42.202Z [undefined] info: Request successful
2024-01-12T23:39:26.799Z [INFO]: [GET] /recommendations
2024-01-12T23:39:27.155Z [INFO]: [GET] /favicon.ico
[object Object]
[object Object]
[object Object]
[object Object]
2024-01-15T10:19:33.150Z [INFO]: [GET] /recommendations
2024-01-15T10:19:33.155Z [INFO]: Request successful
2024-01-15T10:25:33.229Z [INFO]: [GET] /favicon.ico
2024-01-15T10:25:33.242Z [INFO]: Request successful
2024-01-15T10:28:29.194Z [INFO]: [GET] /
2024-01-15T10:28:29.195Z [INFO]: Request successful
2024-01-16T11:44:36.293Z [INFO]: [GET] /
2024-01-16T11:44:36.299Z [INFO]: Request successful
2024-01-16T11:44:44.906Z [INFO]: [GET] /
2024-01-16T11:44:44.907Z [INFO]: Request successful
